This is pdfTeX, Version 3.14159265-2.6-1.40.15 (TeX Live 2015/dev/Debian) (preloaded format=latex 2015.1.23)  6 MAY 2015 14:56
entering extended mode
 restricted \write18 enabled.
 %&-line parsing enabled.
**tutorial
(./tutorial.tex
LaTeX2e <2014/05/01>
Babel <3.9l> and hyphenation patterns for 9 languages loaded.
(/usr/share/texlive/texmf-dist/tex/latex/base/article.cls
Document Class: article 2014/09/29 v1.4h Standard LaTeX document class
(/usr/share/texlive/texmf-dist/tex/latex/base/size10.clo
File: size10.clo 2014/09/29 v1.4h Standard LaTeX file (size option)
)
\c@part=\count79
\c@section=\count80
\c@subsection=\count81
\c@subsubsection=\count82
\c@paragraph=\count83
\c@subparagraph=\count84
\c@figure=\count85
\c@table=\count86
\abovecaptionskip=\skip41
\belowcaptionskip=\skip42
\bibindent=\dimen102
)
(/usr/share/texlive/texmf-dist/tex/latex/graphics/graphicx.sty
Package: graphicx 2014/04/25 v1.0g Enhanced LaTeX Graphics (DPC,SPQR)

(/usr/share/texlive/texmf-dist/tex/latex/graphics/keyval.sty
Package: keyval 2014/05/08 v1.15 key=value parser (DPC)
\KV@toks@=\toks14
)
(/usr/share/texlive/texmf-dist/tex/latex/graphics/graphics.sty
Package: graphics 2009/02/05 v1.0o Standard LaTeX Graphics (DPC,SPQR)

(/usr/share/texlive/texmf-dist/tex/latex/graphics/trig.sty
Package: trig 1999/03/16 v1.09 sin cos tan (DPC)
)
(/usr/share/texlive/texmf-dist/tex/latex/latexconfig/graphics.cfg
File: graphics.cfg 2010/04/23 v1.9 graphics configuration of TeX Live
)
Package graphics Info: Driver file: dvips.def on input line 91.

(/usr/share/texlive/texmf-dist/tex/latex/graphics/dvips.def
File: dvips.def 2014/04/23 v3.0j Driver-dependant file (DPC,SPQR)
))
\Gin@req@height=\dimen103
\Gin@req@width=\dimen104
)
(/usr/share/texlive/texmf-dist/tex/latex/graphics/color.sty
Package: color 2014/04/23 v1.1a Standard LaTeX Color (DPC)

(/usr/share/texlive/texmf-dist/tex/latex/latexconfig/color.cfg
File: color.cfg 2007/01/18 v1.5 color configuration of teTeX/TeXLive
)
Package color Info: Driver file: dvips.def on input line 137.

(/usr/share/texlive/texmf-dist/tex/latex/graphics/dvipsnam.def
File: dvipsnam.def 2014/04/23 v3.0j Driver-dependant file (DPC,SPQR)
))
(./tutorial.aux)
\openout1 = `tutorial.aux'.

LaTeX Font Info:    Checking defaults for OML/cmm/m/it on input line 25.
LaTeX Font Info:    ... okay on input line 25.
LaTeX Font Info:    Checking defaults for T1/cmr/m/n on input line 25.
LaTeX Font Info:    ... okay on input line 25.
LaTeX Font Info:    Checking defaults for OT1/cmr/m/n on input line 25.
LaTeX Font Info:    ... okay on input line 25.
LaTeX Font Info:    Checking defaults for OMS/cmsy/m/n on input line 25.
LaTeX Font Info:    ... okay on input line 25.
LaTeX Font Info:    Checking defaults for OMX/cmex/m/n on input line 25.
LaTeX Font Info:    ... okay on input line 25.
LaTeX Font Info:    Checking defaults for U/cmr/m/n on input line 25.
LaTeX Font Info:    ... okay on input line 25.
LaTeX Font Info:    External font `cmex10' loaded for size
(Font)              <12> on input line 27.
LaTeX Font Info:    External font `cmex10' loaded for size
(Font)              <8> on input line 27.
LaTeX Font Info:    External font `cmex10' loaded for size
(Font)              <6> on input line 27.
 (./tutorial.toc)
\tf@toc=\write3
\openout3 = `tutorial.toc'.

LaTeX Font Info:    External font `cmex10' loaded for size
(Font)              <7> on input line 33.
LaTeX Font Info:    External font `cmex10' loaded for size
(Font)              <5> on input line 33.
 [1

]
File: MSYS2-1.png.eps Graphic file (type eps)
 <MSYS2-1.png.eps>
File: MSYS2-2.png.eps Graphic file (type eps)
 <MSYS2-2.png.eps>
[2

]
File: MSYS2-3.png.eps Graphic file (type eps)
 <MSYS2-3.png.eps>
File: MSYS2-4.png.eps Graphic file (type eps)
 <MSYS2-4.png.eps> [3

]
File: MSYS2-5.png.eps Graphic file (type eps)
 <MSYS2-5.png.eps>
File: MSYS2-6.png.eps Graphic file (type eps)

<MSYS2-6.png.eps> [4

]
File: MSYS2-7.png.eps Graphic file (type eps)
 <MSYS2-7.png.eps>
File: MSYS2-8.png.eps Graphic file (type eps)
 <MSYS2-8.png.eps> [5

]
File: MSYS2-9.png.eps Graphic file (type eps)

<MSYS2-9.png.eps>
File: MSYS2-10.png.eps Graphic file (type eps)
 <MSYS2-10.png.eps> [6

]
File: MSYS2-11.png.eps Graphic file (type eps)
 <MSYS2-11.png.eps>
File: MSYS2-12.png.eps Graphic file (type eps)
 <MSYS2-12.png.eps>
Overfull \hbox (1.68114pt too wide) in paragraph at lines 95--99
[]\OT1/cmr/m/n/10 Create a di-rect ac-cess of the []C:$\OMS/cmsy/m/n/10 n$\OT1/
cmr/m/n/10 MinGW$\OMS/cmsy/m/n/10 n$\OT1/cmr/m/n/10 MSYS2$\OMS/cmsy/m/n/10 n$\O
T1/cmr/m/n/10 1.0$\OMS/cmsy/m/n/10 n$\OT1/cmr/m/n/10 MSYS2.bat[] file send-
 []

[7

]
File: MSYS2-13.png.eps Graphic file (type eps)
 <MSYS2-13.png.eps>
File: MSYS2-14.png.eps Graphic file (type eps)
 <MSYS2-14.png.eps> [8

]
File: MSYS2-15.png.eps Graphic file (type eps)
 <MSYS2-15.png.eps>
File: MSYS2-16.png.eps Graphic file (type eps)

<MSYS2-16.png.eps> [9

]
File: MSYS2-17.png.eps Graphic file (type eps)
 <MSYS2-17.png.eps>
Overfull \hbox (38.50082pt too wide) in paragraph at lines 119--124
[]\OT1/cmr/m/n/10 Select the []C:$\OMS/cmsy/m/n/10 n$\OT1/cmr/m/n/10 MinGW$\OMS
/cmsy/m/n/10 n$\OT1/cmr/m/n/10 MSYS2$\OMS/cmsy/m/n/10 n$\OT1/cmr/m/n/10 1.0$\OM
S/cmsy/m/n/10 n$\OT1/cmr/m/n/10 MSYS2.ico[] (or []C:$\OMS/cmsy/m/n/10 n$\OT1/cm
r/m/n/10 MinGW$\OMS/cmsy/m/n/10 n$\OT1/cmr/m/n/10 MSYS2$\OMS/cmsy/m/n/10 n$\OT1
/cmr/m/n/10 1.0$\OMS/cmsy/m/n/10 n$\OT1/cmr/m/n/10 m.ico[])
 []

File: MSYS2-18.png.eps Graphic file (type eps)
<MSYS2-18.png.eps> [10

]
File: MSYS2-19.png.eps Graphic file (type eps)
 <MSYS2-19.png.eps>
File: MSYS2-20.png.eps Graphic file (type eps)
 <MSYS2-20.png.eps> [11

]
File: MSYS2-21.png.eps Graphic file (type eps)

<MSYS2-21.png.eps> [12

]
File: Latex-1.png.eps Graphic file (type eps)
 <Latex-1.png.eps> [13

]
File: Latex-2.png.eps Graphic file (type eps)
 <Latex-2.png.eps>
File: Latex-3.png.eps Graphic file (type eps)

<Latex-3.png.eps> [14

]
File: Latex-4.png.eps Graphic file (type eps)
 <Latex-4.png.eps>
File: Latex-5.png.eps Graphic file (type eps)
 <Latex-5.png.eps> [15

]
File: Latex-6.png.eps Graphic file (type eps)

<Latex-6.png.eps>
File: Latex-7.png.eps Graphic file (type eps)
 <Latex-7.png.eps> [16

]
File: Latex-8.png.eps Graphic file (type eps)
 <Latex-8.png.eps>
File: Latex-9.png.eps Graphic file (type eps)
 <Latex-9.png.eps>
[17

]
File: Latex-10.png.eps Graphic file (type eps)
 <Latex-10.png.eps>
File: Latex-11.png.eps Graphic file (type eps)
 <Latex-11.png.eps> [18

] (./tutorial.aux) ) 
Here is how much of TeX's memory you used:
 799 strings out of 494895
 10569 string characters out of 6177349
 55281 words of memory out of 5000000
 4049 multiletter control sequences out of 15000+600000
 7588 words of font info for 27 fonts, out of 8000000 for 9000
 62 hyphenation exceptions out of 8191
 25i,8n,19p,199b,338s stack positions out of 5000i,500n,10000p,200000b,80000s

Output written on tutorial.dvi (18 pages, 14420 bytes).
